[Deoxys INFO] 2025-08-27 18:25:41,822 - Current Robot joint: [ 0.159 -0.535 -0.102 -2.342 -0.022  1.751  1.126]
[Deoxys INFO] 2025-08-27 18:25:41,822 - Desired Robot joint: [ 0.159 -0.535 -0.102 -2.342 -0.022  1.751  1.126]
[Deoxys INFO] 2025-08-27 18:25:41,822 - Current Robot joint: [ 0.159 -0.535 -0.102 -2.342 -0.022  1.751  1.126]
[Deoxys INFO] 2025-08-27 18:25:41,822 - Desired Robot joint: [ 0.159 -0.535 -0.102 -2.342 -0.022  1.751  1.126]
[Deoxys INFO] 2025-08-27 18:25:41,872 - Current Robot joint: [ 0.159 -0.535 -0.102 -2.342 -0.022  1.751  1.126]
[Deoxys INFO] 2025-08-27 18:25:41,873 - Desired Robot joint: [ 0.159 -0.535 -0.102 -2.342 -0.022  1.751  1.126]
[Deoxys INFO] 2025-08-27 18:25:41,922 - Current Robot joint: [ 0.159 -0.535 -0.101 -2.343 -0.021  1.751  1.126]
[Deoxys INFO] 2025-08-27 18:25:41,923 - Desired Robot joint: [ 0.159 -0.536 -0.101 -2.343 -0.021  1.75   1.126]
[Deoxys INFO] 2025-08-27 18:25:41,972 - Current Robot joint: [ 0.156 -0.537 -0.098 -2.343 -0.02   1.748  1.125]
[Deoxys INFO] 2025-08-27 18:25:41,973 - Desired Robot joint: [ 0.156 -0.538 -0.098 -2.343 -0.02   1.747  1.125]
[Deoxys INFO] 2025-08-27 18:25:42,023 - Current Robot joint: [ 0.151 -0.541 -0.094 -2.344 -0.02   1.743  1.123]
[Deoxys INFO] 2025-08-27 18:25:42,023 - Desired Robot joint: [ 0.15  -0.542 -0.094 -2.344 -0.019  1.742  1.123]
[Deoxys INFO] 2025-08-27 18:25:42,073 - Current Robot joint: [ 0.145 -0.547 -0.09  -2.344 -0.019  1.736  1.119]
[Deoxys INFO] 2025-08-27 18:25:42,073 - Desired Robot joint: [ 0.144 -0.549 -0.09  -2.344 -0.019  1.735  1.118]
[Deoxys INFO] 2025-08-27 18:25:42,123 - Current Robot joint: [ 0.138 -0.557 -0.086 -2.345 -0.018  1.728  1.113]
[Deoxys INFO] 2025-08-27 18:25:42,123 - Desired Robot joint: [ 0.137 -0.558 -0.086 -2.345 -0.018  1.728  1.112]
[Deoxys INFO] 2025-08-27 18:25:42,173 - Current Robot joint: [ 0.131 -0.567 -0.082 -2.345 -0.017  1.721  1.104]
[Deoxys INFO] 2025-08-27 18:25:42,173 - Desired Robot joint: [ 0.131 -0.569 -0.082 -2.345 -0.017  1.72   1.103]
[Deoxys INFO] 2025-08-27 18:25:42,223 - Current Robot joint: [ 0.125 -0.579 -0.078 -2.346 -0.016  1.713  1.093]
[Deoxys INFO] 2025-08-27 18:25:42,223 - Desired Robot joint: [ 0.124 -0.58  -0.078 -2.346 -0.016  1.713  1.092]
[Deoxys INFO] 2025-08-27 18:25:42,273 - Current Robot joint: [ 0.118 -0.591 -0.074 -2.346 -0.016  1.706  1.079]
[Deoxys INFO] 2025-08-27 18:25:42,273 - Desired Robot joint: [ 0.118 -0.592 -0.074 -2.346 -0.015  1.705  1.078]
[Deoxys INFO] 2025-08-27 18:25:42,323 - Current Robot joint: [ 0.112 -0.602 -0.07  -2.347 -0.015  1.698  1.063]
[Deoxys INFO] 2025-08-27 18:25:42,323 - Desired Robot joint: [ 0.111 -0.604 -0.07  -2.347 -0.015  1.697  1.061]
[Deoxys INFO] 2025-08-27 18:25:42,373 - Current Robot joint: [ 0.105 -0.614 -0.066 -2.347 -0.014  1.69   1.044]
[Deoxys INFO] 2025-08-27 18:25:42,373 - Desired Robot joint: [ 0.105 -0.616 -0.066 -2.347 -0.014  1.69   1.042]
[Deoxys INFO] 2025-08-27 18:25:42,423 - Current Robot joint: [ 0.1   -0.623 -0.063 -2.348 -0.013  1.684  1.028]
[Deoxys INFO] 2025-08-27 18:25:42,423 - Desired Robot joint: [ 0.098 -0.627 -0.062 -2.348 -0.013  1.682  1.022]
[Deoxys INFO] 2025-08-27 18:25:42,473 - Current Robot joint: [ 0.093 -0.635 -0.059 -2.348 -0.013  1.677  1.005]
[Deoxys INFO] 2025-08-27 18:25:42,473 - Desired Robot joint: [ 0.093 -0.637 -0.059 -2.348 -0.012  1.676  1.004]
[Deoxys INFO] 2025-08-27 18:25:42,523 - Current Robot joint: [ 0.087 -0.647 -0.055 -2.349 -0.012  1.669  0.982]
[Deoxys INFO] 2025-08-27 18:25:42,523 - Desired Robot joint: [ 0.086 -0.648 -0.055 -2.349 -0.012  1.669  0.98 ]
[Deoxys INFO] 2025-08-27 18:25:42,573 - Current Robot joint: [ 0.08  -0.659 -0.052 -2.349 -0.011  1.662  0.958]
[Deoxys INFO] 2025-08-27 18:25:42,573 - Desired Robot joint: [ 0.08  -0.66  -0.051 -2.349 -0.011  1.661  0.956]
[Deoxys INFO] 2025-08-27 18:25:42,623 - Current Robot joint: [ 0.074 -0.67  -0.048 -2.35  -0.01   1.654  0.934]
[Deoxys INFO] 2025-08-27 18:25:42,623 - Desired Robot joint: [ 0.073 -0.672 -0.047 -2.35  -0.01   1.654  0.933]
[Deoxys INFO] 2025-08-27 18:25:42,673 - Current Robot joint: [ 0.067 -0.682 -0.044 -2.35  -0.01   1.646  0.911]
[Deoxys INFO] 2025-08-27 18:25:42,673 - Desired Robot joint: [ 0.067 -0.683 -0.043 -2.35  -0.009  1.646  0.909]
[Deoxys INFO] 2025-08-27 18:25:42,723 - Current Robot joint: [ 0.061 -0.694 -0.04  -2.351 -0.009  1.639  0.888]
[Deoxys INFO] 2025-08-27 18:25:42,723 - Desired Robot joint: [ 0.06  -0.695 -0.039 -2.351 -0.009  1.638  0.887]
[Deoxys INFO] 2025-08-27 18:25:42,773 - Current Robot joint: [ 0.054 -0.706 -0.036 -2.351 -0.008  1.631  0.867]
[Deoxys INFO] 2025-08-27 18:25:42,774 - Desired Robot joint: [ 0.054 -0.707 -0.035 -2.351 -0.008  1.631  0.866]
[Deoxys INFO] 2025-08-27 18:25:42,823 - Current Robot joint: [ 0.048 -0.717 -0.032 -2.352 -0.007  1.624  0.849]
[Deoxys INFO] 2025-08-27 18:25:42,824 - Desired Robot joint: [ 0.047 -0.718 -0.031 -2.352 -0.007  1.623  0.848]
[Deoxys INFO] 2025-08-27 18:25:42,873 - Current Robot joint: [ 0.041 -0.729 -0.028 -2.352 -0.006  1.616  0.833]
[Deoxys INFO] 2025-08-27 18:25:42,874 - Desired Robot joint: [ 0.041 -0.73  -0.027 -2.352 -0.006  1.616  0.832]
[Deoxys INFO] 2025-08-27 18:25:42,924 - Current Robot joint: [ 0.035 -0.741 -0.024 -2.353 -0.006  1.609  0.819]
[Deoxys INFO] 2025-08-27 18:25:42,924 - Desired Robot joint: [ 0.034 -0.742 -0.023 -2.353 -0.005  1.608  0.818]
[Deoxys INFO] 2025-08-27 18:25:42,974 - Current Robot joint: [ 0.028 -0.752 -0.02  -2.353 -0.005  1.601  0.808]
[Deoxys INFO] 2025-08-27 18:25:42,974 - Desired Robot joint: [ 0.027 -0.754 -0.02  -2.353 -0.005  1.6    0.807]
[Deoxys INFO] 2025-08-27 18:25:43,024 - Current Robot joint: [ 0.022 -0.763 -0.016 -2.354 -0.004  1.594  0.8  ]
[Deoxys INFO] 2025-08-27 18:25:43,024 - Desired Robot joint: [ 0.021 -0.764 -0.016 -2.354 -0.004  1.593  0.799]
[Deoxys INFO] 2025-08-27 18:25:43,074 - Current Robot joint: [ 0.015 -0.772 -0.012 -2.354 -0.003  1.586  0.793]
[Deoxys INFO] 2025-08-27 18:25:43,074 - Desired Robot joint: [ 0.014 -0.773 -0.012 -2.354 -0.003  1.585  0.793]
[Deoxys INFO] 2025-08-27 18:25:43,124 - Current Robot joint: [ 0.01  -0.777 -0.009 -2.355 -0.003  1.58   0.79 ]
[Deoxys INFO] 2025-08-27 18:25:43,124 - Desired Robot joint: [ 8.000e-03 -7.800e-01 -8.000e-03 -2.355e+00 -2.000e-03  1.578e+00
  7.890e-01]
[Deoxys INFO] 2025-08-27 18:25:43,174 - Current Robot joint: [ 4.000e-03 -7.820e-01 -5.000e-03 -2.355e+00 -2.000e-03  1.575e+00
  7.870e-01]
[Deoxys INFO] 2025-08-27 18:25:43,174 - Desired Robot joint: [ 4.000e-03 -7.830e-01 -5.000e-03 -2.355e+00 -2.000e-03  1.574e+00
  7.870e-01]
[Deoxys INFO] 2025-08-27 18:25:43,224 - Current Robot joint: [ 1.000e-03 -7.840e-01 -2.000e-03 -2.356e+00 -1.000e-03  1.572e+00
  7.860e-01]
[Deoxys INFO] 2025-08-27 18:25:43,224 - Desired Robot joint: [ 1.000e-03 -7.850e-01 -1.000e-03 -2.356e+00 -1.000e-03  1.572e+00
  7.860e-01]
[Deoxys INFO] 2025-08-27 18:25:43,274 - Current Robot joint: [ 0.    -0.785 -0.    -2.356 -0.     1.571  0.786]
[Deoxys INFO] 2025-08-27 18:25:43,274 - Desired Robot joint: [ 0.    -0.785 -0.    -2.356 -0.     1.571  0.785]
[Deoxys INFO] 2025-08-27 18:25:43,274 - Robot joints are reset to initial position.
[Deoxys INFO] 2025-09-01 09:48:08,689 - Current Robot joint: [ 0.326 -0.108 -0.248 -2.367 -0.017  2.222  0.083]
[Deoxys INFO] 2025-09-01 09:48:08,690 - Desired Robot joint: [ 0.326 -0.108 -0.248 -2.367 -0.017  2.222  0.083]
[Deoxys INFO] 2025-09-01 09:48:08,690 - Current Robot joint: [ 0.326 -0.108 -0.248 -2.367 -0.017  2.222  0.083]
[Deoxys INFO] 2025-09-01 09:48:08,690 - Desired Robot joint: [ 0.326 -0.108 -0.248 -2.367 -0.017  2.222  0.083]
[Deoxys INFO] 2025-09-01 09:48:08,740 - Current Robot joint: [ 0.326 -0.108 -0.248 -2.367 -0.017  2.222  0.083]
[Deoxys INFO] 2025-09-01 09:48:08,740 - Desired Robot joint: [ 0.326 -0.108 -0.248 -2.367 -0.017  2.222  0.083]
[Deoxys INFO] 2025-09-01 09:48:08,790 - Current Robot joint: [ 0.326 -0.108 -0.247 -2.367 -0.017  2.221  0.083]
[Deoxys INFO] 2025-09-01 09:48:08,790 - Desired Robot joint: [ 0.326 -0.109 -0.247 -2.367 -0.016  2.221  0.083]
[Deoxys INFO] 2025-09-01 09:48:08,840 - Current Robot joint: [ 0.324 -0.109 -0.244 -2.367 -0.016  2.22   0.084]
[Deoxys INFO] 2025-09-01 09:48:08,840 - Desired Robot joint: [ 0.323 -0.11  -0.244 -2.367 -0.016  2.22   0.084]
[Deoxys INFO] 2025-09-01 09:48:08,890 - Current Robot joint: [ 0.319 -0.111 -0.239 -2.367 -0.016  2.218  0.086]
[Deoxys INFO] 2025-09-01 09:48:08,890 - Desired Robot joint: [ 0.318 -0.112 -0.238 -2.366 -0.016  2.218  0.086]
[Deoxys INFO] 2025-09-01 09:48:08,940 - Current Robot joint: [ 0.312 -0.115 -0.232 -2.366 -0.015  2.214  0.089]
[Deoxys INFO] 2025-09-01 09:48:08,940 - Desired Robot joint: [ 0.311 -0.116 -0.232 -2.366 -0.015  2.214  0.089]
[Deoxys INFO] 2025-09-01 09:48:08,990 - Current Robot joint: [ 0.303 -0.121 -0.225 -2.366 -0.015  2.208  0.094]
[Deoxys INFO] 2025-09-01 09:48:08,991 - Desired Robot joint: [ 0.302 -0.122 -0.225 -2.366 -0.015  2.207  0.094]
[Deoxys INFO] 2025-09-01 09:48:09,040 - Current Robot joint: [ 0.293 -0.128 -0.219 -2.366 -0.015  2.199  0.1  ]
[Deoxys INFO] 2025-09-01 09:48:09,041 - Desired Robot joint: [ 0.293 -0.13  -0.218 -2.366 -0.014  2.199  0.101]
[Deoxys INFO] 2025-09-01 09:48:09,090 - Current Robot joint: [ 0.286 -0.137 -0.214 -2.365 -0.014  2.191  0.107]
[Deoxys INFO] 2025-09-01 09:48:09,091 - Desired Robot joint: [ 0.283 -0.14  -0.211 -2.365 -0.014  2.187  0.11 ]
[Deoxys INFO] 2025-09-01 09:48:09,141 - Current Robot joint: [ 0.277 -0.149 -0.207 -2.365 -0.014  2.178  0.118]
[Deoxys INFO] 2025-09-01 09:48:09,141 - Desired Robot joint: [ 0.276 -0.15  -0.206 -2.365 -0.014  2.177  0.119]
[Deoxys INFO] 2025-09-01 09:48:09,191 - Current Robot joint: [ 0.268 -0.164 -0.2   -2.365 -0.013  2.162  0.131]
[Deoxys INFO] 2025-09-01 09:48:09,191 - Desired Robot joint: [ 0.267 -0.165 -0.199 -2.365 -0.013  2.161  0.133]
[Deoxys INFO] 2025-09-01 09:48:09,241 - Current Robot joint: [ 0.258 -0.181 -0.193 -2.365 -0.013  2.144  0.147]
[Deoxys INFO] 2025-09-01 09:48:09,241 - Desired Robot joint: [ 0.257 -0.183 -0.193 -2.364 -0.013  2.143  0.149]
[Deoxys INFO] 2025-09-01 09:48:09,291 - Current Robot joint: [ 0.249 -0.201 -0.187 -2.364 -0.013  2.124  0.165]
[Deoxys INFO] 2025-09-01 09:48:09,291 - Desired Robot joint: [ 0.248 -0.203 -0.186 -2.364 -0.012  2.123  0.167]
[Deoxys INFO] 2025-09-01 09:48:09,341 - Current Robot joint: [ 0.24  -0.223 -0.18  -2.364 -0.012  2.102  0.187]
[Deoxys INFO] 2025-09-01 09:48:09,341 - Desired Robot joint: [ 0.239 -0.225 -0.179 -2.364 -0.012  2.1    0.188]
[Deoxys INFO] 2025-09-01 09:48:09,391 - Current Robot joint: [ 0.231 -0.247 -0.173 -2.364 -0.012  2.078  0.21 ]
[Deoxys INFO] 2025-09-01 09:48:09,391 - Desired Robot joint: [ 0.23  -0.249 -0.172 -2.364 -0.012  2.077  0.211]
[Deoxys INFO] 2025-09-01 09:48:09,441 - Current Robot joint: [ 0.221 -0.273 -0.166 -2.363 -0.011  2.053  0.236]
[Deoxys INFO] 2025-09-01 09:48:09,441 - Desired Robot joint: [ 0.22  -0.275 -0.166 -2.363 -0.011  2.052  0.238]
[Deoxys INFO] 2025-09-01 09:48:09,491 - Current Robot joint: [ 0.212 -0.3   -0.16  -2.363 -0.011  2.028  0.263]
[Deoxys INFO] 2025-09-01 09:48:09,491 - Desired Robot joint: [ 0.211 -0.302 -0.159 -2.363 -0.011  2.027  0.265]
[Deoxys INFO] 2025-09-01 09:48:09,541 - Current Robot joint: [ 0.203 -0.327 -0.153 -2.363 -0.01   2.003  0.293]
[Deoxys INFO] 2025-09-01 09:48:09,541 - Desired Robot joint: [ 0.202 -0.329 -0.152 -2.363 -0.01   2.002  0.295]
[Deoxys INFO] 2025-09-01 09:48:09,591 - Current Robot joint: [ 0.194 -0.356 -0.146 -2.363 -0.01   1.978  0.325]
[Deoxys INFO] 2025-09-01 09:48:09,591 - Desired Robot joint: [ 0.193 -0.358 -0.145 -2.363 -0.01   1.976  0.327]
[Deoxys INFO] 2025-09-01 09:48:09,641 - Current Robot joint: [ 0.184 -0.383 -0.139 -2.362 -0.01   1.953  0.357]
[Deoxys INFO] 2025-09-01 09:48:09,641 - Desired Robot joint: [ 0.184 -0.385 -0.139 -2.362 -0.009  1.952  0.359]
[Deoxys INFO] 2025-09-01 09:48:09,691 - Current Robot joint: [ 0.175 -0.411 -0.132 -2.362 -0.009  1.928  0.391]
[Deoxys INFO] 2025-09-01 09:48:09,691 - Desired Robot joint: [ 0.174 -0.414 -0.132 -2.362 -0.009  1.926  0.393]
[Deoxys INFO] 2025-09-01 09:48:09,741 - Current Robot joint: [ 0.166 -0.439 -0.126 -2.362 -0.009  1.903  0.425]
[Deoxys INFO] 2025-09-01 09:48:09,741 - Desired Robot joint: [ 0.165 -0.441 -0.125 -2.362 -0.009  1.901  0.427]
[Deoxys INFO] 2025-09-01 09:48:09,791 - Current Robot joint: [ 0.157 -0.467 -0.119 -2.362 -0.008  1.878  0.459]
[Deoxys INFO] 2025-09-01 09:48:09,791 - Desired Robot joint: [ 0.156 -0.469 -0.118 -2.361 -0.008  1.876  0.462]
[Deoxys INFO] 2025-09-01 09:48:09,841 - Current Robot joint: [ 0.147 -0.495 -0.112 -2.361 -0.008  1.852  0.494]
[Deoxys INFO] 2025-09-01 09:48:09,842 - Desired Robot joint: [ 0.146 -0.497 -0.112 -2.361 -0.008  1.851  0.496]
[Deoxys INFO] 2025-09-01 09:48:09,891 - Current Robot joint: [ 0.138 -0.523 -0.105 -2.361 -0.008  1.827  0.528]
[Deoxys INFO] 2025-09-01 09:48:09,892 - Desired Robot joint: [ 0.137 -0.526 -0.105 -2.361 -0.007  1.825  0.53 ]
[Deoxys INFO] 2025-09-01 09:48:09,942 - Current Robot joint: [ 0.129 -0.551 -0.099 -2.361 -0.007  1.802  0.559]
[Deoxys INFO] 2025-09-01 09:48:09,942 - Desired Robot joint: [ 0.128 -0.553 -0.098 -2.361 -0.007  1.8    0.561]
[Deoxys INFO] 2025-09-01 09:48:09,992 - Current Robot joint: [ 0.12  -0.579 -0.092 -2.361 -0.007  1.777  0.59 ]
[Deoxys INFO] 2025-09-01 09:48:09,992 - Desired Robot joint: [ 0.119 -0.581 -0.091 -2.36  -0.006  1.775  0.592]
[Deoxys INFO] 2025-09-01 09:48:10,042 - Current Robot joint: [ 0.11  -0.606 -0.085 -2.36  -0.006  1.752  0.619]
[Deoxys INFO] 2025-09-01 09:48:10,042 - Desired Robot joint: [ 0.109 -0.609 -0.085 -2.36  -0.006  1.75   0.621]
[Deoxys INFO] 2025-09-01 09:48:10,092 - Current Robot joint: [ 0.101 -0.633 -0.078 -2.36  -0.006  1.726  0.646]
[Deoxys INFO] 2025-09-01 09:48:10,092 - Desired Robot joint: [ 0.1   -0.635 -0.078 -2.36  -0.006  1.725  0.648]
[Deoxys INFO] 2025-09-01 09:48:10,142 - Current Robot joint: [ 0.092 -0.658 -0.072 -2.36  -0.005  1.702  0.67 ]
[Deoxys INFO] 2025-09-01 09:48:10,142 - Desired Robot joint: [ 0.091 -0.66  -0.071 -2.36  -0.005  1.7    0.672]
[Deoxys INFO] 2025-09-01 09:48:10,192 - Current Robot joint: [ 0.082 -0.681 -0.065 -2.36  -0.005  1.679  0.692]
[Deoxys INFO] 2025-09-01 09:48:10,192 - Desired Robot joint: [ 0.081 -0.683 -0.064 -2.359 -0.005  1.678  0.694]
[Deoxys INFO] 2025-09-01 09:48:10,242 - Current Robot joint: [ 0.075 -0.698 -0.06  -2.359 -0.005  1.662  0.708]
[Deoxys INFO] 2025-09-01 09:48:10,242 - Desired Robot joint: [ 0.072 -0.704 -0.058 -2.359 -0.004  1.657  0.714]
[Deoxys INFO] 2025-09-01 09:48:10,292 - Current Robot joint: [ 0.065 -0.717 -0.053 -2.359 -0.004  1.642  0.726]
[Deoxys INFO] 2025-09-01 09:48:10,292 - Desired Robot joint: [ 0.065 -0.719 -0.052 -2.359 -0.004  1.641  0.727]
[Deoxys INFO] 2025-09-01 09:48:10,342 - Current Robot joint: [ 0.056 -0.734 -0.046 -2.359 -0.004  1.625  0.741]
[Deoxys INFO] 2025-09-01 09:48:10,342 - Desired Robot joint: [ 0.055 -0.735 -0.045 -2.359 -0.004  1.624  0.742]
[Deoxys INFO] 2025-09-01 09:48:10,392 - Current Robot joint: [ 0.047 -0.748 -0.039 -2.359 -0.003  1.61   0.754]
[Deoxys INFO] 2025-09-01 09:48:10,392 - Desired Robot joint: [ 0.046 -0.749 -0.039 -2.358 -0.003  1.609  0.755]
[Deoxys INFO] 2025-09-01 09:48:10,442 - Current Robot joint: [ 0.037 -0.759 -0.032 -2.358 -0.003  1.598  0.764]
[Deoxys INFO] 2025-09-01 09:48:10,442 - Desired Robot joint: [ 0.037 -0.761 -0.032 -2.358 -0.003  1.597  0.765]
[Deoxys INFO] 2025-09-01 09:48:10,492 - Current Robot joint: [ 0.028 -0.769 -0.026 -2.358 -0.003  1.588  0.772]
[Deoxys INFO] 2025-09-01 09:48:10,493 - Desired Robot joint: [ 2.700e-02 -7.700e-01 -2.500e-02 -2.358e+00 -2.000e-03  1.588e+00
  7.720e-01]
[Deoxys INFO] 2025-09-01 09:48:10,542 - Current Robot joint: [ 1.900e-02 -7.750e-01 -1.900e-02 -2.358e+00 -2.000e-03  1.581e+00
  7.770e-01]
[Deoxys INFO] 2025-09-01 09:48:10,542 - Desired Robot joint: [ 1.800e-02 -7.760e-01 -1.800e-02 -2.357e+00 -2.000e-03  1.581e+00
  7.780e-01]
[Deoxys INFO] 2025-09-01 09:48:10,592 - Current Robot joint: [ 1.100e-02 -7.800e-01 -1.200e-02 -2.358e+00 -2.000e-03  1.576e+00
  7.810e-01]
[Deoxys INFO] 2025-09-01 09:48:10,592 - Desired Robot joint: [ 1.000e-02 -7.810e-01 -1.100e-02 -2.357e+00 -1.000e-03  1.576e+00
  7.820e-01]
[Deoxys INFO] 2025-09-01 09:48:10,642 - Current Robot joint: [ 5.000e-03 -7.830e-01 -6.000e-03 -2.357e+00 -1.000e-03  1.573e+00
  7.830e-01]
[Deoxys INFO] 2025-09-01 09:48:10,643 - Desired Robot joint: [ 4.000e-03 -7.840e-01 -5.000e-03 -2.357e+00 -1.000e-03  1.573e+00
  7.840e-01]
[Deoxys INFO] 2025-09-01 09:48:10,692 - Current Robot joint: [ 2.000e-03 -7.840e-01 -2.000e-03 -2.357e+00 -1.000e-03  1.572e+00
  7.850e-01]
[Deoxys INFO] 2025-09-01 09:48:10,693 - Desired Robot joint: [ 1.000e-03 -7.850e-01 -2.000e-03 -2.357e+00 -1.000e-03  1.571e+00
  7.850e-01]
[Deoxys INFO] 2025-09-01 09:48:10,743 - Current Robot joint: [ 0.    -0.785 -0.    -2.357 -0.     1.571  0.785]
[Deoxys INFO] 2025-09-01 09:48:10,743 - Desired Robot joint: [ 0.    -0.785 -0.    -2.356 -0.     1.571  0.785]
[Deoxys INFO] 2025-09-01 09:48:10,743 - Robot joints are reset to initial position.
[Deoxys INFO] 2025-09-01 09:48:48,940 - Current Robot joint: [ 0.    -0.785 -0.    -2.356 -0.     1.571  0.785]
[Deoxys INFO] 2025-09-01 09:48:48,940 - Desired Robot joint: [ 0.    -0.785 -0.    -2.356 -0.     1.571  0.785]
[Deoxys INFO] 2025-09-01 09:48:48,940 - Robot joints are reset to initial position.
[Deoxys INFO] 2025-09-01 09:52:02,109 - Current Robot joint: [ 0.    -0.785 -0.    -2.356 -0.     1.571  0.785]
[Deoxys INFO] 2025-09-01 09:52:02,110 - Desired Robot joint: [ 0.    -0.785 -0.    -2.356 -0.     1.571  0.785]
[Deoxys INFO] 2025-09-01 09:52:02,110 - Robot joints are reset to initial position.
